<?xml version="1.0" encoding="UTF-8"?>
<!-- Generated by org.testng.reporters.JUnitReportReporter -->
<testsuite hostname="Dinesh" failures="0" tests="1" name="com.crm.qa.testcases.ContactsPageTest" time="39.841" errors="0" timestamp="2021-01-31T11:12:30 IST" skipped="0">
  <testcase classname="com.crm.qa.testcases.ContactsPageTest" name="selectAcontact" time="39.841"/>
  <system-out/>
</testsuite> <!-- com.crm.qa.testcases.ContactsPageTest -->
