<?xml version="1.0" encoding="UTF-8"?>
<!-- Generated by org.testng.reporters.JUnitReportReporter -->
<testsuite hostname="Dinesh" failures="0" tests="2" name="com.crm.qa.testcases.CreateAContactPage" time="211.645" errors="0" timestamp="2021-01-31T19:02:50 IST" skipped="0">
  <testcase classname="com.crm.qa.testcases.CreateAContactPage" name="CreateAContact" time="91.304"/>
  <system-out/>
  <testcase classname="com.crm.qa.testcases.CreateAContactPage" name="CreateAContact" time="120.341"/>
  <system-out/>
</testsuite> <!-- com.crm.qa.testcases.CreateAContactPage -->
