<?xml version="1.0" encoding="UTF-8"?>
<!-- Generated by org.testng.reporters.JUnitReportReporter -->
<testsuite hostname="PCIN475022" failures="0" tests="2" name="com.crm.qa.testcases.LoginTest" time="78.101" errors="0" timestamp="2021-01-13T20:47:47 IST" skipped="0">
  <testcase classname="com.crm.qa.testcases.LoginTest" name="login_page_Test" time="24.279"/>
  <system-out/>
  <testcase classname="com.crm.qa.testcases.LoginTest" name="login_to_App" time="53.822"/>
  <system-out/>
</testsuite> <!-- com.crm.qa.testcases.LoginTest -->
