<?xml version="1.0" encoding="UTF-8"?>
<!-- Generated by org.testng.reporters.JUnitReportReporter -->
<testsuite hostname="PCIN475022" failures="0" tests="3" name="com.crm.qa.testcases.HomePageTest" time="109.133" errors="0" timestamp="2021-01-13T20:47:47 IST" skipped="0">
  <testcase classname="com.crm.qa.testcases.HomePageTest" name="VerifyContactLinkTest" time="37.007"/>
  <system-out/>
  <testcase classname="com.crm.qa.testcases.HomePageTest" name="VerifyHomePageTitle" time="30.776"/>
  <system-out/>
  <testcase classname="com.crm.qa.testcases.HomePageTest" name="VerifyUserNameinTheHomePage" time="41.350"/>
  <system-out/>
</testsuite> <!-- com.crm.qa.testcases.HomePageTest -->
