<?xml version="1.0" encoding="UTF-8"?>
<!-- Generated by org.testng.reporters.JUnitReportReporter -->
<testsuite hostname="PCIN475022" failures="0" tests="2" name="com.crm.qa.testcases.LoginTest" time="121.860" errors="0" timestamp="2021-01-08T21:55:43 IST" skipped="0">
  <testcase classname="com.crm.qa.testcases.LoginTest" name="login_page_Test" time="28.117"/>
  <system-out/>
  <testcase classname="com.crm.qa.testcases.LoginTest" name="login_to_App" time="93.743"/>
  <system-out/>
</testsuite> <!-- com.crm.qa.testcases.LoginTest -->
